android/app/build/intermediates/manifest_merge_blame_file/release/processReleaseMainManifest/manifest-merger-blame-release-report.txt
1<?xml version="1.0" encoding="utf-8"?>
2<manifest xmlns:android="http://schemas.android.com/apk/res/android"
3    package="com.example.air_track"
4    android:versionCode="1"
5    android:versionName="1.0.0" >
6
7    <uses-sdk
8        android:minSdkVersion="23"
9        android:targetSdkVersion="35" />
10    <!-- Place all permissions here, BEFORE the application tag -->
11    <uses-permission android:name="android.permission.INTERNET" />
11-->src\main\AndroidManifest.xml:3:5-66
11-->src\main\AndroidManifest.xml:3:22-64
12    <uses-permission android:name="android.permission.ACCESS_FINE_LOCATION" />
12-->src\main\AndroidManifest.xml:4:5-78
12-->src\main\AndroidManifest.xml:4:22-76
13    <uses-permission android:name="android.permission.ACCESS_COARSE_LOCATION" />
13-->src\main\AndroidManifest.xml:5:5-80
13-->src\main\AndroidManifest.xml:5:22-78
14    <!-- Add any other permissions here -->
15
16
17    <!-- For Android 10 and above -->
18    <uses-permission android:name="android.permission.ACCESS_BACKGROUND_LOCATION" />
18-->src\main\AndroidManifest.xml:9:5-85
18-->src\main\AndroidManifest.xml:9:22-82
19    <!--
20         Required to query activities that can process text, see:
21         https://developer.android.com/training/package-visibility and
22         https://developer.android.com/reference/android/content/Intent#ACTION_PROCESS_TEXT.
23
24         In particular, this is used by the Flutter engine in io.flutter.plugin.text.ProcessTextPlugin.
25    -->
26    <queries>
26-->src\main\AndroidManifest.xml:47:5-52:15
27        <intent>
27-->src\main\AndroidManifest.xml:48:9-51:18
28            <action android:name="android.intent.action.PROCESS_TEXT" />
28-->src\main\AndroidManifest.xml:49:13-72
28-->src\main\AndroidManifest.xml:49:21-70
29
30            <data android:mimeType="text/plain" />
30-->src\main\AndroidManifest.xml:50:13-50
30-->src\main\AndroidManifest.xml:50:19-48
31        </intent>
32    </queries>
33
34    <uses-permission android:name="android.permission.WAKE_LOCK" />
34-->[:firebase_messaging] AndroidManifest.xml:8:5-68
34-->[:firebase_messaging] AndroidManifest.xml:8:22-65
35    <uses-permission android:name="android.permission.ACCESS_NETWORK_STATE" /> <!-- Permissions options for the `notification` group -->
35-->[:firebase_messaging] AndroidManifest.xml:9:5-79
35-->[:firebase_messaging] AndroidManifest.xml:9:22-76
36    <uses-permission android:name="android.permission.POST_NOTIFICATIONS" /> <!-- Required by older versions of Google Play services to create IID tokens -->
36-->[:firebase_messaging] AndroidManifest.xml:11:5-77
36-->[:firebase_messaging] AndroidManifest.xml:11:22-74
37    <uses-permission android:name="com.google.android.c2dm.permission.RECEIVE" />
37-->[com.google.firebase:firebase-messaging:24.1.0] AndroidManifest.xml:26:5-82
37-->[com.google.firebase:firebase-messaging:24.1.0] AndroidManifest.xml:26:22-79
38    <uses-permission android:name="com.google.android.gms.permission.AD_ID" />
38-->[com.google.android.gms:play-services-measurement-api:22.2.0] AndroidManifest.xml:25:5-79
38-->[com.google.android.gms:play-services-measurement-api:22.2.0] AndroidManifest.xml:25:22-76
39    <uses-permission android:name="android.permission.ACCESS_ADSERVICES_ATTRIBUTION" />
39-->[com.google.android.gms:play-services-measurement-api:22.2.0] AndroidManifest.xml:26:5-88
39-->[com.google.android.gms:play-services-measurement-api:22.2.0] AndroidManifest.xml:26:22-85
40    <uses-permission android:name="android.permission.ACCESS_ADSERVICES_AD_ID" />
40-->[com.google.android.gms:play-services-measurement-api:22.2.0] AndroidManifest.xml:27:5-82
40-->[com.google.android.gms:play-services-measurement-api:22.2.0] AndroidManifest.xml:27:22-79
41    <uses-permission android:name="com.google.android.providers.gsf.permission.READ_GSERVICES" />
41-->[com.google.android.recaptcha:recaptcha:18.6.1] AndroidManifest.xml:9:5-98
41-->[com.google.android.recaptcha:recaptcha:18.6.1] AndroidManifest.xml:9:22-95
42    <uses-permission android:name="com.google.android.finsky.permission.BIND_GET_INSTALL_REFERRER_SERVICE" />
42-->[com.google.android.gms:play-services-measurement:22.2.0] AndroidManifest.xml:26:5-110
42-->[com.google.android.gms:play-services-measurement:22.2.0] AndroidManifest.xml:26:22-107
43
44    <permission
44-->[androidx.core:core:1.13.1] AndroidManifest.xml:22:5-24:47
45        android:name="com.example.air_track.DYNAMIC_RECEIVER_NOT_EXPORTED_PERMISSION"
45-->[androidx.core:core:1.13.1] AndroidManifest.xml:23:9-81
46        android:protectionLevel="signature" />
46-->[androidx.core:core:1.13.1] AndroidManifest.xml:24:9-44
47
48    <uses-permission android:name="com.example.air_track.DYNAMIC_RECEIVER_NOT_EXPORTED_PERMISSION" />
48-->[androidx.core:core:1.13.1] AndroidManifest.xml:26:5-97
48-->[androidx.core:core:1.13.1] AndroidManifest.xml:26:22-94
49
50    <application
51        android:name="android.app.Application"
51-->src\main\AndroidManifest.xml:12:9-42
52        android:appComponentFactory="androidx.core.app.CoreComponentFactory"
52-->[androidx.core:core:1.13.1] AndroidManifest.xml:28:18-86
53        android:extractNativeLibs="false"
54        android:icon="@mipmap/ic_launcher"
54-->src\main\AndroidManifest.xml:13:9-43
55        android:label="air_track" >
55-->src\main\AndroidManifest.xml:11:9-34
56        <activity
56-->src\main\AndroidManifest.xml:14:9-35:20
57            android:name="com.example.air_track.MainActivity"
57-->src\main\AndroidManifest.xml:15:13-41
58            android:configChanges="orientation|keyboardHidden|keyboard|screenSize|smallestScreenSize|locale|layoutDirection|fontScale|screenLayout|density|uiMode"
58-->src\main\AndroidManifest.xml:20:13-163
59            android:exported="true"
59-->src\main\AndroidManifest.xml:16:13-36
60            android:hardwareAccelerated="true"
60-->src\main\AndroidManifest.xml:21:13-47
61            android:launchMode="singleTop"
61-->src\main\AndroidManifest.xml:17:13-43
62            android:taskAffinity=""
62-->src\main\AndroidManifest.xml:18:13-36
63            android:theme="@style/LaunchTheme"
63-->src\main\AndroidManifest.xml:19:13-47
64            android:windowSoftInputMode="adjustResize" >
64-->src\main\AndroidManifest.xml:22:13-55
65
66            <!--
67                 Specifies an Android theme to apply to this Activity as soon as
68                 the Android process has started. This theme is visible to the user
69                 while the Flutter UI initializes. After that, this theme continues
70                 to determine the Window background behind the Flutter UI.
71            -->
72            <meta-data
72-->src\main\AndroidManifest.xml:27:13-30:17
73                android:name="io.flutter.embedding.android.NormalTheme"
73-->src\main\AndroidManifest.xml:28:15-70
74                android:resource="@style/NormalTheme" />
74-->src\main\AndroidManifest.xml:29:15-52
75
76            <intent-filter>
76-->src\main\AndroidManifest.xml:31:13-34:29
77                <action android:name="android.intent.action.MAIN" />
77-->src\main\AndroidManifest.xml:32:17-68
77-->src\main\AndroidManifest.xml:32:25-66
78
79                <category android:name="android.intent.category.LAUNCHER" />
79-->src\main\AndroidManifest.xml:33:17-76
79-->src\main\AndroidManifest.xml:33:27-74
80            </intent-filter>
81        </activity>
82        <!--
83             Don't delete the meta-data below.
84             This is used by the Flutter tool to generate GeneratedPluginRegistrant.java
85        -->
86        <meta-data
86-->src\main\AndroidManifest.xml:38:9-40:33
87            android:name="flutterEmbedding"
87-->src\main\AndroidManifest.xml:39:13-44
88            android:value="2" />
88-->src\main\AndroidManifest.xml:40:13-30
89
90        <service
90-->[:cloud_firestore] AndroidManifest.xml:8:9-12:19
91            android:name="com.google.firebase.components.ComponentDiscoveryService"
91-->[:cloud_firestore] AndroidManifest.xml:8:18-89
92            android:directBootAware="true"
92-->[com.google.firebase:firebase-common:21.0.0] AndroidManifest.xml:32:13-43
93            android:exported="false" >
93-->[com.google.firebase:firebase-auth:23.2.0] AndroidManifest.xml:68:13-37
94            <meta-data
94-->[:cloud_firestore] AndroidManifest.xml:9:13-11:85
95                android:name="com.google.firebase.components:io.flutter.plugins.firebase.firestore.FlutterFirebaseFirestoreRegistrar"
95-->[:cloud_firestore] AndroidManifest.xml:10:17-134
96                android:value="com.google.firebase.components.ComponentRegistrar" />
96-->[:cloud_firestore] AndroidManifest.xml:11:17-82
97            <meta-data
97-->[:firebase_auth] AndroidManifest.xml:9:13-11:85
98                android:name="com.google.firebase.components:io.flutter.plugins.firebase.auth.FlutterFirebaseAuthRegistrar"
98-->[:firebase_auth] AndroidManifest.xml:10:17-124
99                android:value="com.google.firebase.components.ComponentRegistrar" />
99-->[:firebase_auth] AndroidManifest.xml:11:17-82
100            <meta-data
100-->[:firebase_messaging] AndroidManifest.xml:36:13-38:85
101                android:name="com.google.firebase.components:io.flutter.plugins.firebase.messaging.FlutterFirebaseAppRegistrar"
101-->[:firebase_messaging] AndroidManifest.xml:37:17-128
102                android:value="com.google.firebase.components.ComponentRegistrar" />
102-->[:firebase_messaging] AndroidManifest.xml:38:17-82
103            <meta-data
103-->[:firebase_core] AndroidManifest.xml:9:13-11:85
104                android:name="com.google.firebase.components:io.flutter.plugins.firebase.core.FlutterFirebaseCoreRegistrar"
104-->[:firebase_core] AndroidManifest.xml:10:17-124
105                android:value="com.google.firebase.components.ComponentRegistrar" />
105-->[:firebase_core] AndroidManifest.xml:11:17-82
106            <meta-data
106-->[com.google.firebase:firebase-auth:23.2.0] AndroidManifest.xml:69:13-71:85
107                android:name="com.google.firebase.components:com.google.firebase.auth.FirebaseAuthRegistrar"
107-->[com.google.firebase:firebase-auth:23.2.0] AndroidManifest.xml:70:17-109
108                android:value="com.google.firebase.components.ComponentRegistrar" />
108-->[com.google.firebase:firebase-auth:23.2.0] AndroidManifest.xml:71:17-82
109            <meta-data
109-->[com.google.firebase:firebase-firestore:25.1.2] AndroidManifest.xml:17:13-19:85
110                android:name="com.google.firebase.components:com.google.firebase.firestore.FirebaseFirestoreKtxRegistrar"
110-->[com.google.firebase:firebase-firestore:25.1.2] AndroidManifest.xml:18:17-122
111                android:value="com.google.firebase.components.ComponentRegistrar" />
111-->[com.google.firebase:firebase-firestore:25.1.2] AndroidManifest.xml:19:17-82
112            <meta-data
112-->[com.google.firebase:firebase-firestore:25.1.2] AndroidManifest.xml:20:13-22:85
113                android:name="com.google.firebase.components:com.google.firebase.firestore.FirestoreRegistrar"
113-->[com.google.firebase:firebase-firestore:25.1.2] AndroidManifest.xml:21:17-111
114                android:value="com.google.firebase.components.ComponentRegistrar" />
114-->[com.google.firebase:firebase-firestore:25.1.2] AndroidManifest.xml:22:17-82
115            <meta-data
115-->[com.google.firebase:firebase-messaging:24.1.0] AndroidManifest.xml:57:13-59:85
116                android:name="com.google.firebase.components:com.google.firebase.messaging.FirebaseMessagingKtxRegistrar"
116-->[com.google.firebase:firebase-messaging:24.1.0] AndroidManifest.xml:58:17-122
117                android:value="com.google.firebase.components.ComponentRegistrar" />
117-->[com.google.firebase:firebase-messaging:24.1.0] AndroidManifest.xml:59:17-82
118            <meta-data
118-->[com.google.firebase:firebase-messaging:24.1.0] AndroidManifest.xml:60:13-62:85
119                android:name="com.google.firebase.components:com.google.firebase.messaging.FirebaseMessagingRegistrar"
119-->[com.google.firebase:firebase-messaging:24.1.0] AndroidManifest.xml:61:17-119
120                android:value="com.google.firebase.components.ComponentRegistrar" />
120-->[com.google.firebase:firebase-messaging:24.1.0] AndroidManifest.xml:62:17-82
121            <meta-data
121-->[com.google.android.gms:play-services-measurement-api:22.2.0] AndroidManifest.xml:33:13-35:85
122                android:name="com.google.firebase.components:com.google.firebase.analytics.connector.internal.AnalyticsConnectorRegistrar"
122-->[com.google.android.gms:play-services-measurement-api:22.2.0] AndroidManifest.xml:34:17-139
123                android:value="com.google.firebase.components.ComponentRegistrar" />
123-->[com.google.android.gms:play-services-measurement-api:22.2.0] AndroidManifest.xml:35:17-82
124            <meta-data
124-->[com.google.firebase:firebase-installations:18.0.0] AndroidManifest.xml:15:13-17:85
125                android:name="com.google.firebase.components:com.google.firebase.installations.FirebaseInstallationsKtxRegistrar"
125-->[com.google.firebase:firebase-installations:18.0.0] AndroidManifest.xml:16:17-130
126                android:value="com.google.firebase.components.ComponentRegistrar" />
126-->[com.google.firebase:firebase-installations:18.0.0] AndroidManifest.xml:17:17-82
127            <meta-data
127-->[com.google.firebase:firebase-installations:18.0.0] AndroidManifest.xml:18:13-20:85
128                android:name="com.google.firebase.components:com.google.firebase.installations.FirebaseInstallationsRegistrar"
128-->[com.google.firebase:firebase-installations:18.0.0] AndroidManifest.xml:19:17-127
129                android:value="com.google.firebase.components.ComponentRegistrar" />
129-->[com.google.firebase:firebase-installations:18.0.0] AndroidManifest.xml:20:17-82
130            <meta-data
130-->[com.google.firebase:firebase-common-ktx:21.0.0] AndroidManifest.xml:12:13-14:85
131                android:name="com.google.firebase.components:com.google.firebase.ktx.FirebaseCommonLegacyRegistrar"
131-->[com.google.firebase:firebase-common-ktx:21.0.0] AndroidManifest.xml:13:17-116
132                android:value="com.google.firebase.components.ComponentRegistrar" />
132-->[com.google.firebase:firebase-common-ktx:21.0.0] AndroidManifest.xml:14:17-82
133            <meta-data
133-->[com.google.firebase:firebase-common:21.0.0] AndroidManifest.xml:35:13-37:85
134                android:name="com.google.firebase.components:com.google.firebase.FirebaseCommonKtxRegistrar"
134-->[com.google.firebase:firebase-common:21.0.0] AndroidManifest.xml:36:17-109
135                android:value="com.google.firebase.components.ComponentRegistrar" />
135-->[com.google.firebase:firebase-common:21.0.0] AndroidManifest.xml:37:17-82
136            <meta-data
136-->[com.google.firebase:firebase-datatransport:18.2.0] AndroidManifest.xml:25:13-27:85
137                android:name="com.google.firebase.components:com.google.firebase.datatransport.TransportRegistrar"
137-->[com.google.firebase:firebase-datatransport:18.2.0] AndroidManifest.xml:26:17-115
138                android:value="com.google.firebase.components.ComponentRegistrar" />
138-->[com.google.firebase:firebase-datatransport:18.2.0] AndroidManifest.xml:27:17-82
139        </service>
140        <service
140-->[:firebase_messaging] AndroidManifest.xml:14:9-17:72
141            android:name="io.flutter.plugins.firebase.messaging.FlutterFirebaseMessagingBackgroundService"
141-->[:firebase_messaging] AndroidManifest.xml:15:13-107
142            android:exported="false"
142-->[:firebase_messaging] AndroidManifest.xml:16:13-37
143            android:permission="android.permission.BIND_JOB_SERVICE" />
143-->[:firebase_messaging] AndroidManifest.xml:17:13-69
144        <service
144-->[:firebase_messaging] AndroidManifest.xml:18:9-24:19
145            android:name="io.flutter.plugins.firebase.messaging.FlutterFirebaseMessagingService"
145-->[:firebase_messaging] AndroidManifest.xml:19:13-97
146            android:exported="false" >
146-->[:firebase_messaging] AndroidManifest.xml:20:13-37
147            <intent-filter>
147-->[:firebase_messaging] AndroidManifest.xml:21:13-23:29
148                <action android:name="com.google.firebase.MESSAGING_EVENT" />
148-->[:firebase_messaging] AndroidManifest.xml:22:17-78
148-->[:firebase_messaging] AndroidManifest.xml:22:25-75
149            </intent-filter>
150        </service>
151
152        <receiver
152-->[:firebase_messaging] AndroidManifest.xml:26:9-33:20
153            android:name="io.flutter.plugins.firebase.messaging.FlutterFirebaseMessagingReceiver"
153-->[:firebase_messaging] AndroidManifest.xml:27:13-98
154            android:exported="true"
154-->[:firebase_messaging] AndroidManifest.xml:28:13-36
155            android:permission="com.google.android.c2dm.permission.SEND" >
155-->[:firebase_messaging] AndroidManifest.xml:29:13-73
156            <intent-filter>
156-->[:firebase_messaging] AndroidManifest.xml:30:13-32:29
157                <action android:name="com.google.android.c2dm.intent.RECEIVE" />
157-->[:firebase_messaging] AndroidManifest.xml:31:17-81
157-->[:firebase_messaging] AndroidManifest.xml:31:25-78
158            </intent-filter>
159        </receiver>
160
161        <provider
161-->[:firebase_messaging] AndroidManifest.xml:41:9-45:38
162            android:name="io.flutter.plugins.firebase.messaging.FlutterFirebaseMessagingInitProvider"
162-->[:firebase_messaging] AndroidManifest.xml:42:13-102
163            android:authorities="com.example.air_track.flutterfirebasemessaginginitprovider"
163-->[:firebase_messaging] AndroidManifest.xml:43:13-88
164            android:exported="false"
164-->[:firebase_messaging] AndroidManifest.xml:44:13-37
165            android:initOrder="99" />
165-->[:firebase_messaging] AndroidManifest.xml:45:13-35
166
167        <activity
167-->[com.google.firebase:firebase-auth:23.2.0] AndroidManifest.xml:29:9-46:20
168            android:name="com.google.firebase.auth.internal.GenericIdpActivity"
168-->[com.google.firebase:firebase-auth:23.2.0] AndroidManifest.xml:30:13-80
169            android:excludeFromRecents="true"
169-->[com.google.firebase:firebase-auth:23.2.0] AndroidManifest.xml:31:13-46
170            android:exported="true"
170-->[com.google.firebase:firebase-auth:23.2.0] AndroidManifest.xml:32:13-36
171            android:launchMode="singleTask"
171-->[com.google.firebase:firebase-auth:23.2.0] AndroidManifest.xml:33:13-44
172            android:theme="@android:style/Theme.Translucent.NoTitleBar" >
172-->[com.google.firebase:firebase-auth:23.2.0] AndroidManifest.xml:34:13-72
173            <intent-filter>
173-->[com.google.firebase:firebase-auth:23.2.0] AndroidManifest.xml:35:13-45:29
174                <action android:name="android.intent.action.VIEW" />
174-->[com.google.firebase:firebase-auth:23.2.0] AndroidManifest.xml:36:17-69
174-->[com.google.firebase:firebase-auth:23.2.0] AndroidManifest.xml:36:25-66
175
176                <category android:name="android.intent.category.DEFAULT" />
176-->[com.google.firebase:firebase-auth:23.2.0] AndroidManifest.xml:38:17-76
176-->[com.google.firebase:firebase-auth:23.2.0] AndroidManifest.xml:38:27-73
177                <category android:name="android.intent.category.BROWSABLE" />
177-->[com.google.firebase:firebase-auth:23.2.0] AndroidManifest.xml:39:17-78
177-->[com.google.firebase:firebase-auth:23.2.0] AndroidManifest.xml:39:27-75
178
179                <data
179-->src\main\AndroidManifest.xml:50:13-50
180                    android:host="firebase.auth"
181                    android:path="/"
182                    android:scheme="genericidp" />
183            </intent-filter>
184        </activity>
185        <activity
185-->[com.google.firebase:firebase-auth:23.2.0] AndroidManifest.xml:47:9-64:20
186            android:name="com.google.firebase.auth.internal.RecaptchaActivity"
186-->[com.google.firebase:firebase-auth:23.2.0] AndroidManifest.xml:48:13-79
187            android:excludeFromRecents="true"
187-->[com.google.firebase:firebase-auth:23.2.0] AndroidManifest.xml:49:13-46
188            android:exported="true"
188-->[com.google.firebase:firebase-auth:23.2.0] AndroidManifest.xml:50:13-36
189            android:launchMode="singleTask"
189-->[com.google.firebase:firebase-auth:23.2.0] AndroidManifest.xml:51:13-44
190            android:theme="@android:style/Theme.Translucent.NoTitleBar" >
190-->[com.google.firebase:firebase-auth:23.2.0] AndroidManifest.xml:52:13-72
191            <intent-filter>
191-->[com.google.firebase:firebase-auth:23.2.0] AndroidManifest.xml:53:13-63:29
192                <action android:name="android.intent.action.VIEW" />
192-->[com.google.firebase:firebase-auth:23.2.0] AndroidManifest.xml:36:17-69
192-->[com.google.firebase:firebase-auth:23.2.0] AndroidManifest.xml:36:25-66
193
194                <category android:name="android.intent.category.DEFAULT" />
194-->[com.google.firebase:firebase-auth:23.2.0] AndroidManifest.xml:38:17-76
194-->[com.google.firebase:firebase-auth:23.2.0] AndroidManifest.xml:38:27-73
195                <category android:name="android.intent.category.BROWSABLE" />
195-->[com.google.firebase:firebase-auth:23.2.0] AndroidManifest.xml:39:17-78
195-->[com.google.firebase:firebase-auth:23.2.0] AndroidManifest.xml:39:27-75
196
197                <data
197-->src\main\AndroidManifest.xml:50:13-50
198                    android:host="firebase.auth"
199                    android:path="/"
200                    android:scheme="recaptcha" />
201            </intent-filter>
202        </activity>
203
204        <receiver
204-->[com.google.firebase:firebase-messaging:24.1.0] AndroidManifest.xml:29:9-40:20
205            android:name="com.google.firebase.iid.FirebaseInstanceIdReceiver"
205-->[com.google.firebase:firebase-messaging:24.1.0] AndroidManifest.xml:30:13-78
206            android:exported="true"
206-->[com.google.firebase:firebase-messaging:24.1.0] AndroidManifest.xml:31:13-36
207            android:permission="com.google.android.c2dm.permission.SEND" >
207-->[com.google.firebase:firebase-messaging:24.1.0] AndroidManifest.xml:32:13-73
208            <intent-filter>
208-->[:firebase_messaging] AndroidManifest.xml:30:13-32:29
209                <action android:name="com.google.android.c2dm.intent.RECEIVE" />
209-->[:firebase_messaging] AndroidManifest.xml:31:17-81
209-->[:firebase_messaging] AndroidManifest.xml:31:25-78
210            </intent-filter>
211
212            <meta-data
212-->[com.google.firebase:firebase-messaging:24.1.0] AndroidManifest.xml:37:13-39:40
213                android:name="com.google.android.gms.cloudmessaging.FINISHED_AFTER_HANDLED"
213-->[com.google.firebase:firebase-messaging:24.1.0] AndroidManifest.xml:38:17-92
214                android:value="true" />
214-->[com.google.firebase:firebase-messaging:24.1.0] AndroidManifest.xml:39:17-37
215        </receiver>
216        <!--
217             FirebaseMessagingService performs security checks at runtime,
218             but set to not exported to explicitly avoid allowing another app to call it.
219        -->
220        <service
220-->[com.google.firebase:firebase-messaging:24.1.0] AndroidManifest.xml:46:9-53:19
221            android:name="com.google.firebase.messaging.FirebaseMessagingService"
221-->[com.google.firebase:firebase-messaging:24.1.0] AndroidManifest.xml:47:13-82
222            android:directBootAware="true"
222-->[com.google.firebase:firebase-messaging:24.1.0] AndroidManifest.xml:48:13-43
223            android:exported="false" >
223-->[com.google.firebase:firebase-messaging:24.1.0] AndroidManifest.xml:49:13-37
224            <intent-filter android:priority="-500" >
224-->[:firebase_messaging] AndroidManifest.xml:21:13-23:29
225                <action android:name="com.google.firebase.MESSAGING_EVENT" />
225-->[:firebase_messaging] AndroidManifest.xml:22:17-78
225-->[:firebase_messaging] AndroidManifest.xml:22:25-75
226            </intent-filter>
227        </service>
228        <service
228-->[:geolocator_android] AndroidManifest.xml:8:9-12:56
229            android:name="com.baseflow.geolocator.GeolocatorLocationService"
229-->[:geolocator_android] AndroidManifest.xml:9:13-77
230            android:enabled="true"
230-->[:geolocator_android] AndroidManifest.xml:10:13-35
231            android:exported="false"
231-->[:geolocator_android] AndroidManifest.xml:11:13-37
232            android:foregroundServiceType="location" />
232-->[:geolocator_android] AndroidManifest.xml:12:13-53
233        <service
233-->[androidx.credentials:credentials-play-services-auth:1.2.0-rc01] AndroidManifest.xml:24:9-32:19
234            android:name="androidx.credentials.playservices.CredentialProviderMetadataHolder"
234-->[androidx.credentials:credentials-play-services-auth:1.2.0-rc01] AndroidManifest.xml:25:13-94
235            android:enabled="true"
235-->[androidx.credentials:credentials-play-services-auth:1.2.0-rc01] AndroidManifest.xml:26:13-35
236            android:exported="false" >
236-->[androidx.credentials:credentials-play-services-auth:1.2.0-rc01] AndroidManifest.xml:27:13-37
237            <meta-data
237-->[androidx.credentials:credentials-play-services-auth:1.2.0-rc01] AndroidManifest.xml:29:13-31:104
238                android:name="androidx.credentials.CREDENTIAL_PROVIDER_KEY"
238-->[androidx.credentials:credentials-play-services-auth:1.2.0-rc01] AndroidManifest.xml:30:17-76
239                android:value="androidx.credentials.playservices.CredentialProviderPlayServicesImpl" />
239-->[androidx.credentials:credentials-play-services-auth:1.2.0-rc01] AndroidManifest.xml:31:17-101
240        </service>
241
242        <activity
242-->[androidx.credentials:credentials-play-services-auth:1.2.0-rc01] AndroidManifest.xml:34:9-41:20
243            android:name="androidx.credentials.playservices.HiddenActivity"
243-->[androidx.credentials:credentials-play-services-auth:1.2.0-rc01] AndroidManifest.xml:35:13-76
244            android:configChanges="orientation|screenSize|screenLayout|keyboardHidden"
244-->[androidx.credentials:credentials-play-services-auth:1.2.0-rc01] AndroidManifest.xml:36:13-87
245            android:enabled="true"
245-->[androidx.credentials:credentials-play-services-auth:1.2.0-rc01] AndroidManifest.xml:37:13-35
246            android:exported="false"
246-->[androidx.credentials:credentials-play-services-auth:1.2.0-rc01] AndroidManifest.xml:38:13-37
247            android:fitsSystemWindows="true"
247-->[androidx.credentials:credentials-play-services-auth:1.2.0-rc01] AndroidManifest.xml:39:13-45
248            android:theme="@style/Theme.Hidden" >
248-->[androidx.credentials:credentials-play-services-auth:1.2.0-rc01] AndroidManifest.xml:40:13-48
249        </activity>
250
251        <provider
251-->[com.google.firebase:firebase-common:21.0.0] AndroidManifest.xml:23:9-28:39
252            android:name="com.google.firebase.provider.FirebaseInitProvider"
252-->[com.google.firebase:firebase-common:21.0.0] AndroidManifest.xml:24:13-77
253            android:authorities="com.example.air_track.firebaseinitprovider"
253-->[com.google.firebase:firebase-common:21.0.0] AndroidManifest.xml:25:13-72
254            android:directBootAware="true"
254-->[com.google.firebase:firebase-common:21.0.0] AndroidManifest.xml:26:13-43
255            android:exported="false"
255-->[com.google.firebase:firebase-common:21.0.0] AndroidManifest.xml:27:13-37
256            android:initOrder="100" />
256-->[com.google.firebase:firebase-common:21.0.0] AndroidManifest.xml:28:13-36
257
258        <activity
258-->[com.google.android.gms:play-services-auth:21.0.0] AndroidManifest.xml:23:9-27:75
259            android:name="com.google.android.gms.auth.api.signin.internal.SignInHubActivity"
259-->[com.google.android.gms:play-services-auth:21.0.0] AndroidManifest.xml:24:13-93
260            android:excludeFromRecents="true"
260-->[com.google.android.gms:play-services-auth:21.0.0] AndroidManifest.xml:25:13-46
261            android:exported="false"
261-->[com.google.android.gms:play-services-auth:21.0.0] AndroidManifest.xml:26:13-37
262            android:theme="@android:style/Theme.Translucent.NoTitleBar" />
262-->[com.google.android.gms:play-services-auth:21.0.0] AndroidManifest.xml:27:13-72
263        <!--
264            Service handling Google Sign-In user revocation. For apps that do not integrate with
265            Google Sign-In, this service will never be started.
266        -->
267        <service
267-->[com.google.android.gms:play-services-auth:21.0.0] AndroidManifest.xml:33:9-37:51
268            android:name="com.google.android.gms.auth.api.signin.RevocationBoundService"
268-->[com.google.android.gms:play-services-auth:21.0.0] AndroidManifest.xml:34:13-89
269            android:exported="true"
269-->[com.google.android.gms:play-services-auth:21.0.0] AndroidManifest.xml:35:13-36
270            android:permission="com.google.android.gms.auth.api.signin.permission.REVOCATION_NOTIFICATION"
270-->[com.google.android.gms:play-services-auth:21.0.0] AndroidManifest.xml:36:13-107
271            android:visibleToInstantApps="true" />
271-->[com.google.android.gms:play-services-auth:21.0.0] AndroidManifest.xml:37:13-48
272
273        <receiver
273-->[com.google.android.gms:play-services-measurement:22.2.0] AndroidManifest.xml:29:9-33:20
274            android:name="com.google.android.gms.measurement.AppMeasurementReceiver"
274-->[com.google.android.gms:play-services-measurement:22.2.0] AndroidManifest.xml:30:13-85
275            android:enabled="true"
275-->[com.google.android.gms:play-services-measurement:22.2.0] AndroidManifest.xml:31:13-35
276            android:exported="false" >
276-->[com.google.android.gms:play-services-measurement:22.2.0] AndroidManifest.xml:32:13-37
277        </receiver>
278
279        <service
279-->[com.google.android.gms:play-services-measurement:22.2.0] AndroidManifest.xml:35:9-38:40